  [1m[35m (1.0ms)[0m  [1m[35mCREATE TABLE "schema_migrations" ("version" varchar NOT NULL PRIMARY KEY)[0m
  [1m[35m (0.8ms)[0m  [1m[35mCREATE TABLE "ar_internal_metadata" ("key" varchar NOT NULL PRIMARY KEY, "value" varchar, "created_at" datetime NOT NULL, "updated_at" datetime NOT NULL)[0m
  [1m[36mActiveRecord::SchemaMigration Load (0.2ms)[0m  [1m[34mSELECT "schema_migrations".* FROM "schema_migrations"[0m
Migrating to CreateJewels (20170709033459)
  [1m[35m (0.1ms)[0m  [1m[36mbegin transaction[0m
  [1m[35m (0.3ms)[0m  [1m[35mCREATE TABLE "jewels" ("id" INTEGER PRIMARY KEY AUTOINCREMENT NOT NULL, "ruby" integer NOT NULL, "diamond" integer NOT NULL, "emerald" integer NOT NULL, "sapphire" integer NOT NULL, "opal" integer NOT NULL, "gold" integer NOT NULL, "silver" integer NOT NULL, "red" integer NOT NULL, "black" integer NOT NULL, "created_at" datetime NOT NULL, "updated_at" datetime NOT NULL)[0m
  [1m[35mSQL (0.1ms)[0m  [1m[32mINSERT INTO "schema_migrations" ("version") VALUES (?)[0m  [["version", "20170709033459"]]
  [1m[35m (0.6ms)[0m  [1m[36mcommit transaction[0m
  [1m[36mActiveRecord::InternalMetadata Load (0.1ms)[0m  [1m[34mSELECT  "ar_internal_metadata".* FROM "ar_internal_metadata" WHERE "ar_internal_metadata"."key" = ? LIMIT ?[0m  [["key", "environment"], ["LIMIT", 1]]
  [1m[35m (0.0ms)[0m  [1m[36mbegin transaction[0m
  [1m[35mSQL (0.4ms)[0m  [1m[32mINSERT INTO "ar_internal_metadata" ("key", "value", "created_at", "updated_at") VALUES (?, ?, ?, ?)[0m  [["key", "environment"], ["value", "development"], ["created_at", "2017-07-09 03:44:04.116173"], ["updated_at", "2017-07-09 03:44:04.116173"]]
  [1m[35m (1.5ms)[0m  [1m[36mcommit transaction[0m
  [1m[36mActiveRecord::SchemaMigration Load (0.1ms)[0m  [1m[34mSELECT "schema_migrations".* FROM "schema_migrations"[0m
Started GET "/" for 127.0.0.1 at 2017-07-09 13:06:31 +0900
  [1m[36mActiveRecord::SchemaMigration Load (0.1ms)[0m  [1m[34mSELECT "schema_migrations".* FROM "schema_migrations"[0m
Processing by JewelsController#index as HTML
  Rendering jewels/index.html.erb within layouts/application
  Rendered jewels/index.html.erb within layouts/application (1.3ms)
Completed 200 OK in 503ms (Views: 493.6ms | ActiveRecord: 0.0ms)


Started GET "/" for 127.0.0.1 at 2017-07-09 13:08:11 +0900
Processing by JewelsController#index as HTML
  Rendering jewels/index.html.erb within layouts/application
  Rendered jewels/index.html.erb within layouts/application (212.5ms)
Completed 500 Internal Server Error in 218ms (ActiveRecord: 0.0ms)


  
ActionView::Template::Error (undefined local variable or method `new_game_path' for #<#<Class:0x007fa9338af370>:0x007fa9338ac8c8>
Did you mean?  new_jewel_path):
    1: <%= button_to 'new game', new_game_path %>
  
app/views/jewels/index.html.erb:1:in `_app_views_jewels_index_html_erb___2003367342188657628_70182333557460'
  Rendering /Users/jongwon/.rbenv/versions/2.3.1/lib/ruby/gems/2.3.0/gems/actionpack-5.0.4/lib/action_dispatch/middleware/templates/rescues/template_error.html.erb within rescues/layout
  Rendering /Users/jongwon/.rbenv/versions/2.3.1/lib/ruby/gems/2.3.0/gems/actionpack-5.0.4/lib/action_dispatch/middleware/templates/rescues/_source.html.erb
  Rendered /Users/jongwon/.rbenv/versions/2.3.1/lib/ruby/gems/2.3.0/gems/actionpack-5.0.4/lib/action_dispatch/middleware/templates/rescues/_source.html.erb (3.3ms)
  Rendering /Users/jongwon/.rbenv/versions/2.3.1/lib/ruby/gems/2.3.0/gems/actionpack-5.0.4/lib/action_dispatch/middleware/templates/rescues/_trace.html.erb
  Rendered /Users/jongwon/.rbenv/versions/2.3.1/lib/ruby/gems/2.3.0/gems/actionpack-5.0.4/lib/action_dispatch/middleware/templates/rescues/_trace.html.erb (1.5ms)
  Rendering /Users/jongwon/.rbenv/versions/2.3.1/lib/ruby/gems/2.3.0/gems/actionpack-5.0.4/lib/action_dispatch/middleware/templates/rescues/_request_and_response.html.erb
  Rendered /Users/jongwon/.rbenv/versions/2.3.1/lib/ruby/gems/2.3.0/gems/actionpack-5.0.4/lib/action_dispatch/middleware/templates/rescues/_request_and_response.html.erb (0.6ms)
  Rendered /Users/jongwon/.rbenv/versions/2.3.1/lib/ruby/gems/2.3.0/gems/actionpack-5.0.4/lib/action_dispatch/middleware/templates/rescues/template_error.html.erb within rescues/layout (66.4ms)
Started GET "/" for 127.0.0.1 at 2017-07-09 13:08:31 +0900
  
ArgumentError (Missing :controller key on routes definition, please check your routes.):
  
config/routes.rb:5:in `block in <top (required)>'
config/routes.rb:1:in `<top (required)>'
  Rendering /Users/jongwon/.rbenv/versions/2.3.1/lib/ruby/gems/2.3.0/gems/actionpack-5.0.4/lib/action_dispatch/middleware/templates/rescues/diagnostics.html.erb within rescues/layout
  Rendering /Users/jongwon/.rbenv/versions/2.3.1/lib/ruby/gems/2.3.0/gems/actionpack-5.0.4/lib/action_dispatch/middleware/templates/rescues/_source.html.erb
  Rendered /Users/jongwon/.rbenv/versions/2.3.1/lib/ruby/gems/2.3.0/gems/actionpack-5.0.4/lib/action_dispatch/middleware/templates/rescues/_source.html.erb (2.5ms)
  Rendering /Users/jongwon/.rbenv/versions/2.3.1/lib/ruby/gems/2.3.0/gems/actionpack-5.0.4/lib/action_dispatch/middleware/templates/rescues/_trace.html.erb
  Rendered /Users/jongwon/.rbenv/versions/2.3.1/lib/ruby/gems/2.3.0/gems/actionpack-5.0.4/lib/action_dispatch/middleware/templates/rescues/_trace.html.erb (1.4ms)
  Rendering /Users/jongwon/.rbenv/versions/2.3.1/lib/ruby/gems/2.3.0/gems/actionpack-5.0.4/lib/action_dispatch/middleware/templates/rescues/_request_and_response.html.erb
  Rendered /Users/jongwon/.rbenv/versions/2.3.1/lib/ruby/gems/2.3.0/gems/actionpack-5.0.4/lib/action_dispatch/middleware/templates/rescues/_request_and_response.html.erb (0.6ms)
  Rendered /Users/jongwon/.rbenv/versions/2.3.1/lib/ruby/gems/2.3.0/gems/actionpack-5.0.4/lib/action_dispatch/middleware/templates/rescues/diagnostics.html.erb within rescues/layout (63.9ms)
Started GET "/" for 127.0.0.1 at 2017-07-09 13:08:43 +0900
  
ActionController::RoutingError (No route matches [GET] "/"):
  
actionpack (5.0.4) lib/action_dispatch/middleware/debug_exceptions.rb:53:in `call'
web-console (3.5.1) lib/web_console/middleware.rb:135:in `call_app'
web-console (3.5.1) lib/web_console/middleware.rb:28:in `block in call'
web-console (3.5.1) lib/web_console/middleware.rb:18:in `catch'
web-console (3.5.1) lib/web_console/middleware.rb:18:in `call'
actionpack (5.0.4) lib/action_dispatch/middleware/show_exceptions.rb:31:in `call'
railties (5.0.4) lib/rails/rack/logger.rb:36:in `call_app'
railties (5.0.4) lib/rails/rack/logger.rb:24:in `block in call'
activesupport (5.0.4) lib/active_support/tagged_logging.rb:69:in `block in tagged'
activesupport (5.0.4) lib/active_support/tagged_logging.rb:26:in `tagged'
activesupport (5.0.4) lib/active_support/tagged_logging.rb:69:in `tagged'
railties (5.0.4) lib/rails/rack/logger.rb:24:in `call'
sprockets-rails (3.2.0) lib/sprockets/rails/quiet_assets.rb:13:in `call'
actionpack (5.0.4) lib/action_dispatch/middleware/request_id.rb:24:in `call'
rack (2.0.3) lib/rack/method_override.rb:22:in `call'
rack (2.0.3) lib/rack/runtime.rb:22:in `call'
activesupport (5.0.4) lib/active_support/cache/strategy/local_cache_middleware.rb:28:in `call'
actionpack (5.0.4) lib/action_dispatch/middleware/executor.rb:12:in `call'
actionpack (5.0.4) lib/action_dispatch/middleware/static.rb:136:in `call'
rack (2.0.3) lib/rack/sendfile.rb:111:in `call'
railties (5.0.4) lib/rails/engine.rb:522:in `call'
puma (3.9.1) lib/puma/configuration.rb:224:in `call'
puma (3.9.1) lib/puma/server.rb:602:in `handle_request'
puma (3.9.1) lib/puma/server.rb:435:in `process_client'
puma (3.9.1) lib/puma/server.rb:299:in `block in run'
puma (3.9.1) lib/puma/thread_pool.rb:120:in `block in spawn_thread'
  Rendering /Users/jongwon/.rbenv/versions/2.3.1/lib/ruby/gems/2.3.0/gems/actionpack-5.0.4/lib/action_dispatch/middleware/templates/rescues/routing_error.html.erb within rescues/layout
  Rendering /Users/jongwon/.rbenv/versions/2.3.1/lib/ruby/gems/2.3.0/gems/actionpack-5.0.4/lib/action_dispatch/middleware/templates/rescues/_trace.html.erb
  Rendered /Users/jongwon/.rbenv/versions/2.3.1/lib/ruby/gems/2.3.0/gems/actionpack-5.0.4/lib/action_dispatch/middleware/templates/rescues/_trace.html.erb (1.3ms)
  Rendered collection of /Users/jongwon/.rbenv/versions/2.3.1/lib/ruby/gems/2.3.0/gems/actionpack-5.0.4/lib/action_dispatch/middleware/templates/routes/_route.html.erb [8 times] (10.3ms)
  Rendered /Users/jongwon/.rbenv/versions/2.3.1/lib/ruby/gems/2.3.0/gems/actionpack-5.0.4/lib/action_dispatch/middleware/templates/routes/_table.html.erb (8.3ms)
  Rendering /Users/jongwon/.rbenv/versions/2.3.1/lib/ruby/gems/2.3.0/gems/actionpack-5.0.4/lib/action_dispatch/middleware/templates/rescues/_request_and_response.html.erb
  Rendered /Users/jongwon/.rbenv/versions/2.3.1/lib/ruby/gems/2.3.0/gems/actionpack-5.0.4/lib/action_dispatch/middleware/templates/rescues/_request_and_response.html.erb (1.1ms)
  Rendered /Users/jongwon/.rbenv/versions/2.3.1/lib/ruby/gems/2.3.0/gems/actionpack-5.0.4/lib/action_dispatch/middleware/templates/rescues/routing_error.html.erb within rescues/layout (108.9ms)
Started GET "/" for 127.0.0.1 at 2017-07-09 13:09:01 +0900
  
ActionController::RoutingError (No route matches [GET] "/"):
  
actionpack (5.0.4) lib/action_dispatch/middleware/debug_exceptions.rb:53:in `call'
web-console (3.5.1) lib/web_console/middleware.rb:135:in `call_app'
web-console (3.5.1) lib/web_console/middleware.rb:28:in `block in call'
web-console (3.5.1) lib/web_console/middleware.rb:18:in `catch'
web-console (3.5.1) lib/web_console/middleware.rb:18:in `call'
actionpack (5.0.4) lib/action_dispatch/middleware/show_exceptions.rb:31:in `call'
railties (5.0.4) lib/rails/rack/logger.rb:36:in `call_app'
railties (5.0.4) lib/rails/rack/logger.rb:24:in `block in call'
activesupport (5.0.4) lib/active_support/tagged_logging.rb:69:in `block in tagged'
activesupport (5.0.4) lib/active_support/tagged_logging.rb:26:in `tagged'
activesupport (5.0.4) lib/active_support/tagged_logging.rb:69:in `tagged'
railties (5.0.4) lib/rails/rack/logger.rb:24:in `call'
sprockets-rails (3.2.0) lib/sprockets/rails/quiet_assets.rb:13:in `call'
actionpack (5.0.4) lib/action_dispatch/middleware/request_id.rb:24:in `call'
rack (2.0.3) lib/rack/method_override.rb:22:in `call'
rack (2.0.3) lib/rack/runtime.rb:22:in `call'
activesupport (5.0.4) lib/active_support/cache/strategy/local_cache_middleware.rb:28:in `call'
actionpack (5.0.4) lib/action_dispatch/middleware/executor.rb:12:in `call'
actionpack (5.0.4) lib/action_dispatch/middleware/static.rb:136:in `call'
rack (2.0.3) lib/rack/sendfile.rb:111:in `call'
railties (5.0.4) lib/rails/engine.rb:522:in `call'
puma (3.9.1) lib/puma/configuration.rb:224:in `call'
puma (3.9.1) lib/puma/server.rb:602:in `handle_request'
puma (3.9.1) lib/puma/server.rb:435:in `process_client'
puma (3.9.1) lib/puma/server.rb:299:in `block in run'
puma (3.9.1) lib/puma/thread_pool.rb:120:in `block in spawn_thread'
  Rendering /Users/jongwon/.rbenv/versions/2.3.1/lib/ruby/gems/2.3.0/gems/actionpack-5.0.4/lib/action_dispatch/middleware/templates/rescues/routing_error.html.erb within rescues/layout
  Rendering /Users/jongwon/.rbenv/versions/2.3.1/lib/ruby/gems/2.3.0/gems/actionpack-5.0.4/lib/action_dispatch/middleware/templates/rescues/_trace.html.erb
  Rendered /Users/jongwon/.rbenv/versions/2.3.1/lib/ruby/gems/2.3.0/gems/actionpack-5.0.4/lib/action_dispatch/middleware/templates/rescues/_trace.html.erb (1.0ms)
  Rendered collection of /Users/jongwon/.rbenv/versions/2.3.1/lib/ruby/gems/2.3.0/gems/actionpack-5.0.4/lib/action_dispatch/middleware/templates/routes/_route.html.erb [8 times] (2.8ms)
  Rendered /Users/jongwon/.rbenv/versions/2.3.1/lib/ruby/gems/2.3.0/gems/actionpack-5.0.4/lib/action_dispatch/middleware/templates/routes/_table.html.erb (1.2ms)
  Rendering /Users/jongwon/.rbenv/versions/2.3.1/lib/ruby/gems/2.3.0/gems/actionpack-5.0.4/lib/action_dispatch/middleware/templates/rescues/_request_and_response.html.erb
  Rendered /Users/jongwon/.rbenv/versions/2.3.1/lib/ruby/gems/2.3.0/gems/actionpack-5.0.4/lib/action_dispatch/middleware/templates/rescues/_request_and_response.html.erb (0.9ms)
  Rendered /Users/jongwon/.rbenv/versions/2.3.1/lib/ruby/gems/2.3.0/gems/actionpack-5.0.4/lib/action_dispatch/middleware/templates/rescues/routing_error.html.erb within rescues/layout (84.7ms)
Started GET "/" for 127.0.0.1 at 2017-07-09 13:09:07 +0900
Processing by JewelsController#index as HTML
  Rendering jewels/index.html.erb within layouts/application
  Rendered jewels/index.html.erb within layouts/application (155.2ms)
Completed 500 Internal Server Error in 160ms (ActiveRecord: 0.0ms)


  
ActionView::Template::Error (undefined local variable or method `new_game_path' for #<#<Class:0x007fa93258dda0>:0x007fa932587180>
Did you mean?  new_jewel_path):
    1: <%= button_to 'new game', new_game_path %>
  
app/views/jewels/index.html.erb:1:in `_app_views_jewels_index_html_erb___2003367342188657628_70182335445360'
  Rendering /Users/jongwon/.rbenv/versions/2.3.1/lib/ruby/gems/2.3.0/gems/actionpack-5.0.4/lib/action_dispatch/middleware/templates/rescues/template_error.html.erb within rescues/layout
  Rendering /Users/jongwon/.rbenv/versions/2.3.1/lib/ruby/gems/2.3.0/gems/actionpack-5.0.4/lib/action_dispatch/middleware/templates/rescues/_source.html.erb
  Rendered /Users/jongwon/.rbenv/versions/2.3.1/lib/ruby/gems/2.3.0/gems/actionpack-5.0.4/lib/action_dispatch/middleware/templates/rescues/_source.html.erb (5.2ms)
  Rendering /Users/jongwon/.rbenv/versions/2.3.1/lib/ruby/gems/2.3.0/gems/actionpack-5.0.4/lib/action_dispatch/middleware/templates/rescues/_trace.html.erb
  Rendered /Users/jongwon/.rbenv/versions/2.3.1/lib/ruby/gems/2.3.0/gems/actionpack-5.0.4/lib/action_dispatch/middleware/templates/rescues/_trace.html.erb (2.6ms)
  Rendering /Users/jongwon/.rbenv/versions/2.3.1/lib/ruby/gems/2.3.0/gems/actionpack-5.0.4/lib/action_dispatch/middleware/templates/rescues/_request_and_response.html.erb
  Rendered /Users/jongwon/.rbenv/versions/2.3.1/lib/ruby/gems/2.3.0/gems/actionpack-5.0.4/lib/action_dispatch/middleware/templates/rescues/_request_and_response.html.erb (0.9ms)
  Rendered /Users/jongwon/.rbenv/versions/2.3.1/lib/ruby/gems/2.3.0/gems/actionpack-5.0.4/lib/action_dispatch/middleware/templates/rescues/template_error.html.erb within rescues/layout (66.6ms)
Started GET "/" for 127.0.0.1 at 2017-07-09 13:09:22 +0900
  
ArgumentError (Missing :controller key on routes definition, please check your routes.):
  
config/routes.rb:5:in `block in <top (required)>'
config/routes.rb:1:in `<top (required)>'
  Rendering /Users/jongwon/.rbenv/versions/2.3.1/lib/ruby/gems/2.3.0/gems/actionpack-5.0.4/lib/action_dispatch/middleware/templates/rescues/diagnostics.html.erb within rescues/layout
  Rendering /Users/jongwon/.rbenv/versions/2.3.1/lib/ruby/gems/2.3.0/gems/actionpack-5.0.4/lib/action_dispatch/middleware/templates/rescues/_source.html.erb
  Rendered /Users/jongwon/.rbenv/versions/2.3.1/lib/ruby/gems/2.3.0/gems/actionpack-5.0.4/lib/action_dispatch/middleware/templates/rescues/_source.html.erb (2.7ms)
  Rendering /Users/jongwon/.rbenv/versions/2.3.1/lib/ruby/gems/2.3.0/gems/actionpack-5.0.4/lib/action_dispatch/middleware/templates/rescues/_trace.html.erb
  Rendered /Users/jongwon/.rbenv/versions/2.3.1/lib/ruby/gems/2.3.0/gems/actionpack-5.0.4/lib/action_dispatch/middleware/templates/rescues/_trace.html.erb (1.4ms)
  Rendering /Users/jongwon/.rbenv/versions/2.3.1/lib/ruby/gems/2.3.0/gems/actionpack-5.0.4/lib/action_dispatch/middleware/templates/rescues/_request_and_response.html.erb
  Rendered /Users/jongwon/.rbenv/versions/2.3.1/lib/ruby/gems/2.3.0/gems/actionpack-5.0.4/lib/action_dispatch/middleware/templates/rescues/_request_and_response.html.erb (0.6ms)
  Rendered /Users/jongwon/.rbenv/versions/2.3.1/lib/ruby/gems/2.3.0/gems/actionpack-5.0.4/lib/action_dispatch/middleware/templates/rescues/diagnostics.html.erb within rescues/layout (63.1ms)
Started GET "/" for 127.0.0.1 at 2017-07-09 13:09:47 +0900
Processing by JewelsController#index as HTML
  Rendering jewels/index.html.erb within layouts/application
  Rendered jewels/index.html.erb within layouts/application (1.0ms)
Completed 200 OK in 19ms (Views: 17.2ms | ActiveRecord: 0.0ms)


Started POST "/jewels/new_game" for 127.0.0.1 at 2017-07-09 13:09:50 +0900
Processing by JewelsController#new_game as HTML
  Parameters: {"authenticity_token"=>"eLNB0qNH2OUCDomkH0c97Ph/YucHplBYkCGR8xkNWzF5dMB5tJ0rAHtnr4Sd2CR3b8CApbxD6rkeGnLKmKS6XQ=="}
Completed 500 Internal Server Error in 12ms (ActiveRecord: 0.0ms)


  
NoMethodError (undefined method `new_game' for #<Class:0x007fa939c78168>):
  
app/controllers/jewels_controller.rb:7:in `new_game'
  Rendering /Users/jongwon/.rbenv/versions/2.3.1/lib/ruby/gems/2.3.0/gems/actionpack-5.0.4/lib/action_dispatch/middleware/templates/rescues/diagnostics.html.erb within rescues/layout
  Rendering /Users/jongwon/.rbenv/versions/2.3.1/lib/ruby/gems/2.3.0/gems/actionpack-5.0.4/lib/action_dispatch/middleware/templates/rescues/_source.html.erb
  Rendered /Users/jongwon/.rbenv/versions/2.3.1/lib/ruby/gems/2.3.0/gems/actionpack-5.0.4/lib/action_dispatch/middleware/templates/rescues/_source.html.erb (2.6ms)
  Rendering /Users/jongwon/.rbenv/versions/2.3.1/lib/ruby/gems/2.3.0/gems/actionpack-5.0.4/lib/action_dispatch/middleware/templates/rescues/_trace.html.erb
  Rendered /Users/jongwon/.rbenv/versions/2.3.1/lib/ruby/gems/2.3.0/gems/actionpack-5.0.4/lib/action_dispatch/middleware/templates/rescues/_trace.html.erb (1.4ms)
  Rendering /Users/jongwon/.rbenv/versions/2.3.1/lib/ruby/gems/2.3.0/gems/actionpack-5.0.4/lib/action_dispatch/middleware/templates/rescues/_request_and_response.html.erb
  Rendered /Users/jongwon/.rbenv/versions/2.3.1/lib/ruby/gems/2.3.0/gems/actionpack-5.0.4/lib/action_dispatch/middleware/templates/rescues/_request_and_response.html.erb (1.0ms)
  Rendered /Users/jongwon/.rbenv/versions/2.3.1/lib/ruby/gems/2.3.0/gems/actionpack-5.0.4/lib/action_dispatch/middleware/templates/rescues/diagnostics.html.erb within rescues/layout (63.5ms)
Started POST "/jewels/new_game" for 127.0.0.1 at 2017-07-09 13:11:00 +0900
Processing by JewelsController#new_game as HTML
  Parameters: {"authenticity_token"=>"eLNB0qNH2OUCDomkH0c97Ph/YucHplBYkCGR8xkNWzF5dMB5tJ0rAHtnr4Sd2CR3b8CApbxD6rkeGnLKmKS6XQ=="}
  [1m[35m (0.1ms)[0m  [1m[36mbegin transaction[0m
  [1m[35mSQL (0.8ms)[0m  [1m[32mINSERT INTO "jewels" ("ruby", "diamond", "emerald", "sapphire", "opal", "gold", "silver", "red", "black", "created_at", "updated_at") VALUES (?, ?, ?, ?, ?, ?, ?, ?, ?, ?, ?)[0m  [["ruby", 1], ["diamond", 2], ["emerald", 3], ["sapphire", 4], ["opal", 5], ["gold", 4], ["silver", 4], ["red", 1], ["black", 1], ["created_at", "2017-07-09 04:11:00.758364"], ["updated_at", "2017-07-09 04:11:00.758364"]]
  [1m[35m (2.7ms)[0m  [1m[36mcommit transaction[0m
No template found for JewelsController#new_game, rendering head :no_content
Completed 204 No Content in 65ms (ActiveRecord: 4.6ms)


Started GET "/" for 127.0.0.1 at 2017-07-09 13:11:03 +0900
Processing by JewelsController#index as HTML
  Rendering jewels/index.html.erb within layouts/application
  Rendered jewels/index.html.erb within layouts/application (0.8ms)
Completed 200 OK in 20ms (Views: 18.3ms | ActiveRecord: 0.0ms)


Started POST "/jewels/new_game" for 127.0.0.1 at 2017-07-09 13:11:04 +0900
Processing by JewelsController#new_game as HTML
  Parameters: {"authenticity_token"=>"kEab/FWi+en+gEpoJoceUTm49GyzIJx30PyPcs7NC1+RgRpXQngKDIfpbEikGAfKrgcWLgjFJpZex2xLT2TqMw=="}
  [1m[35m (0.1ms)[0m  [1m[36mbegin transaction[0m
  [1m[35mSQL (1.7ms)[0m  [1m[32mINSERT INTO "jewels" ("ruby", "diamond", "emerald", "sapphire", "opal", "gold", "silver", "red", "black", "created_at", "updated_at") VALUES (?, ?, ?, ?, ?, ?, ?, ?, ?, ?, ?)[0m  [["ruby", 1], ["diamond", 2], ["emerald", 3], ["sapphire", 4], ["opal", 5], ["gold", 4], ["silver", 4], ["red", 1], ["black", 1], ["created_at", "2017-07-09 04:11:04.322328"], ["updated_at", "2017-07-09 04:11:04.322328"]]
  [1m[35m (2.2ms)[0m  [1m[36mcommit transaction[0m
No template found for JewelsController#new_game, rendering head :no_content
Completed 204 No Content in 46ms (ActiveRecord: 3.9ms)


  [1m[36mJewel Load (1.7ms)[0m  [1m[34mSELECT "jewels".* FROM "jewels"[0m
  [1m[36mJewel Load (0.5ms)[0m  [1m[34mSELECT  "jewels".* FROM "jewels" WHERE "jewels"."id" = ? LIMIT ?[0m  [["id", 1], ["LIMIT", 1]]
  [1m[36mJewel Load (0.1ms)[0m  [1m[34mSELECT  "jewels".* FROM "jewels" WHERE "jewels"."id" = ? LIMIT ?[0m  [["id", 1], ["LIMIT", 1]]
  [1m[36mJewel Load (0.2ms)[0m  [1m[34mSELECT  "jewels".* FROM "jewels" WHERE "jewels"."id" = ? LIMIT ?[0m  [["id", 1], ["LIMIT", 1]]
  [1m[35m (0.1ms)[0m  [1m[36mbegin transaction[0m
  [1m[35mSQL (0.3ms)[0m  [1m[33mUPDATE "jewels" SET "ruby" = ?, "updated_at" = ? WHERE "jewels"."id" = ?[0m  [["ruby", 0], ["updated_at", "2017-07-10 12:53:14.862383"], ["id", 1]]
  [1m[35m (2.4ms)[0m  [1m[36mcommit transaction[0m
  [1m[36mJewel Load (0.1ms)[0m  [1m[34mSELECT  "jewels".* FROM "jewels" WHERE "jewels"."id" = ? LIMIT ?[0m  [["id", 1], ["LIMIT", 1]]
